<?xml version="1.0" encoding="UTF-8"?>
<testng-results skipped="0" failed="0" ignored="1" total="2" passed="1">
  <reporter-output>
  </reporter-output>
  <suite name="Default suite" duration-ms="18775" started-at="2018-01-11T11:19:33Z" finished-at="2018-01-11T11:19:52Z">
    <groups>
    </groups>
    <test name="Default test" duration-ms="18775" started-at="2018-01-11T11:19:33Z" finished-at="2018-01-11T11:19:52Z">
      <class name="test.test.qaCookie">
        <test-method status="PASS" signature="test2()[pri:2, instance:test.test.qaCookie@4883b407]" name="test2" duration-ms="18751" started-at="2018-01-11T11:19:33Z" finished-at="2018-01-11T11:19:52Z">
          <reporter-output>
          </reporter-output>
        </test-method> <!-- test2 -->
      </class> <!-- test.test.qaCookie -->
    </test> <!-- Default test -->
  </suite> <!-- Default suite -->
</testng-results>
